ARM GAS  /tmp/ccCDDk7s.s 			page 1


   1              		.cpu cortex-m4
   2              		.eabi_attribute 27, 1
   3              		.eabi_attribute 28, 1
   4              		.eabi_attribute 20, 1
   5              		.eabi_attribute 21, 1
   6              		.eabi_attribute 23, 3
   7              		.eabi_attribute 24, 1
   8              		.eabi_attribute 25, 1
   9              		.eabi_attribute 26, 1
  10              		.eabi_attribute 30, 6
  11              		.eabi_attribute 34, 1
  12              		.eabi_attribute 18, 4
  13              		.file	"deca_params_init.c"
  14              		.text
  15              	.Ltext0:
  16              		.cfi_sections	.debug_frame
  17              		.global	chan_idx
  18              		.section	.rodata.chan_idx,"a"
  19              		.align	2
  22              	chan_idx:
  23 0000 00000102 		.ascii	"\000\000\001\002\003\004\000\005"
  23      03040005 
  24              		.global	tx_config
  25              		.section	.rodata.tx_config,"a"
  26              		.align	2
  29              	tx_config:
  30 0000 405C0000 		.word	23616
  31 0004 A05C0400 		.word	285856
  32 0008 C06C0800 		.word	552128
  33 000c 805C0400 		.word	285824
  34 0010 E03F1E00 		.word	1982432
  35 0014 E07D1E00 		.word	1998304
  36              		.global	fs_pll_cfg
  37              		.section	.rodata.fs_pll_cfg,"a"
  38              		.align	2
  41              	fs_pll_cfg:
  42 0000 07040009 		.word	150995975
  43 0004 08054008 		.word	138413320
  44 0008 09104008 		.word	138416137
  45 000c 08054008 		.word	138413320
  46 0010 1D040008 		.word	134218781
  47 0014 1D040008 		.word	134218781
  48              		.global	fs_pll_tune
  49              		.section	.rodata.fs_pll_tune,"a"
  50              		.align	2
  53              	fs_pll_tune:
  54 0000 1E265626 		.ascii	"\036&V&\276\276"
  54      BEBE
  55              		.global	rx_config
  56              		.section	.rodata.rx_config,"a"
  57              		.align	2
  60              	rx_config:
  61 0000 D8BC     		.ascii	"\330\274"
  62              		.global	agc_config
  63              		.section	.rodata.agc_config,"a"
  64              		.align	2
  67              	agc_config:
ARM GAS  /tmp/ccCDDk7s.s 			page 2


  68 0000 07A90225 		.word	620931335
  69 0004 7088     		.short	-30608
  70 0006 9B88     		.short	-30565
  71              		.global	dwnsSFDlen
  72              		.section	.rodata.dwnsSFDlen,"a"
  73              		.align	2
  76              	dwnsSFDlen:
  77 0000 401008   		.ascii	"@\020\010"
  78              		.global	sftsh
  79              		.section	.rodata.sftsh,"a"
  80              		.align	2
  83              	sftsh:
  84 0000 0A00     		.short	10
  85 0002 1600     		.short	22
  86 0004 0100     		.short	1
  87 0006 0600     		.short	6
  88 0008 0100     		.short	1
  89 000a 0200     		.short	2
  90              		.global	dtune1
  91              		.section	.rodata.dtune1,"a"
  92              		.align	2
  95              	dtune1:
  96 0000 8700     		.short	135
  97 0002 8D00     		.short	141
  98              		.global	digital_bb_config
  99              		.section	.rodata.digital_bb_config,"a"
 100              		.align	2
 103              	digital_bb_config:
 104 0000 3C001A31 		.word	823787580
 105 0004 52001A33 		.word	857342034
 106 0008 9A001A35 		.word	890896538
 107 000c 1D011A37 		.word	924451101
 108 0010 6B003B31 		.word	825950315
 109 0014 BE003B33 		.word	859504830
 110 0018 5E013B35 		.word	893059422
 111 001c 96023B37 		.word	926614166
 112              		.global	lde_replicaCoeff
 113              		.section	.rodata.lde_replicaCoeff,"a"
 114              		.align	2
 117              	lde_replicaCoeff:
 118 0000 0000     		.short	0
 119 0002 9859     		.short	22936
 120 0004 9859     		.short	22936
 121 0006 EA51     		.short	20970
 122 0008 8E42     		.short	17038
 123 000a 1E45     		.short	17694
 124 000c 142E     		.short	11796
 125 000e 0080     		.short	-32768
 126 0010 EA51     		.short	20970
 127 0012 F428     		.short	10484
 128 0014 3233     		.short	13106
 129 0016 E03A     		.short	15072
 130 0018 703D     		.short	15728
 131 001a E03A     		.short	15072
 132 001c C235     		.short	13762
 133 001e 842B     		.short	11140
 134 0020 C235     		.short	13762
ARM GAS  /tmp/ccCDDk7s.s 			page 3


 135 0022 3233     		.short	13106
 136 0024 C235     		.short	13762
 137 0026 C235     		.short	13762
 138 0028 AE47     		.short	18350
 139 002a E03A     		.short	15072
 140 002c 5038     		.short	14416
 141 002e A230     		.short	12450
 142 0030 5038     		.short	14416
 143              		.text
 144              	.Letext0:
 145              		.file 1 "/home/ilian/opt/gcc-arm-none-eabi-9-2020-q2-update/lib/gcc/arm-none-eabi/9.3.1/include/st
 146              		.file 2 "/home/ilian/opt/gcc-arm-none-eabi-9-2020-q2-update/arm-none-eabi/include/sys/_types.h"
 147              		.file 3 "/home/ilian/opt/gcc-arm-none-eabi-9-2020-q2-update/arm-none-eabi/include/sys/reent.h"
 148              		.file 4 "/home/ilian/opt/gcc-arm-none-eabi-9-2020-q2-update/arm-none-eabi/include/sys/lock.h"
 149              		.file 5 "/home/ilian/opt/gcc-arm-none-eabi-9-2020-q2-update/arm-none-eabi/include/stdlib.h"
 150              		.file 6 "Middlewares/Decawave/decadriver/deca_device_api.h"
 151              		.file 7 "Middlewares/Decawave/decadriver/deca_param_types.h"
 152              		.file 8 "Middlewares/Decawave/decadriver/deca_params_init.c"
ARM GAS  /tmp/ccCDDk7s.s 			page 4


DEFINED SYMBOLS
                            *ABS*:0000000000000000 deca_params_init.c
     /tmp/ccCDDk7s.s:22     .rodata.chan_idx:0000000000000000 chan_idx
     /tmp/ccCDDk7s.s:19     .rodata.chan_idx:0000000000000000 $d
     /tmp/ccCDDk7s.s:29     .rodata.tx_config:0000000000000000 tx_config
     /tmp/ccCDDk7s.s:26     .rodata.tx_config:0000000000000000 $d
     /tmp/ccCDDk7s.s:41     .rodata.fs_pll_cfg:0000000000000000 fs_pll_cfg
     /tmp/ccCDDk7s.s:38     .rodata.fs_pll_cfg:0000000000000000 $d
     /tmp/ccCDDk7s.s:53     .rodata.fs_pll_tune:0000000000000000 fs_pll_tune
     /tmp/ccCDDk7s.s:50     .rodata.fs_pll_tune:0000000000000000 $d
     /tmp/ccCDDk7s.s:60     .rodata.rx_config:0000000000000000 rx_config
     /tmp/ccCDDk7s.s:57     .rodata.rx_config:0000000000000000 $d
     /tmp/ccCDDk7s.s:67     .rodata.agc_config:0000000000000000 agc_config
     /tmp/ccCDDk7s.s:64     .rodata.agc_config:0000000000000000 $d
     /tmp/ccCDDk7s.s:76     .rodata.dwnsSFDlen:0000000000000000 dwnsSFDlen
     /tmp/ccCDDk7s.s:73     .rodata.dwnsSFDlen:0000000000000000 $d
     /tmp/ccCDDk7s.s:83     .rodata.sftsh:0000000000000000 sftsh
     /tmp/ccCDDk7s.s:80     .rodata.sftsh:0000000000000000 $d
     /tmp/ccCDDk7s.s:95     .rodata.dtune1:0000000000000000 dtune1
     /tmp/ccCDDk7s.s:92     .rodata.dtune1:0000000000000000 $d
     /tmp/ccCDDk7s.s:103    .rodata.digital_bb_config:0000000000000000 digital_bb_config
     /tmp/ccCDDk7s.s:100    .rodata.digital_bb_config:0000000000000000 $d
     /tmp/ccCDDk7s.s:117    .rodata.lde_replicaCoeff:0000000000000000 lde_replicaCoeff
     /tmp/ccCDDk7s.s:114    .rodata.lde_replicaCoeff:0000000000000000 $d

NO UNDEFINED SYMBOLS
