ARM GAS  /tmp/cci0LQHo.s 			page 1


   1              		.cpu cortex-m4
   2              		.eabi_attribute 27, 1
   3              		.eabi_attribute 28, 1
   4              		.eabi_attribute 20, 1
   5              		.eabi_attribute 21, 1
   6              		.eabi_attribute 23, 3
   7              		.eabi_attribute 24, 1
   8              		.eabi_attribute 25, 1
   9              		.eabi_attribute 26, 1
  10              		.eabi_attribute 30, 6
  11              		.eabi_attribute 34, 1
  12              		.eabi_attribute 18, 4
  13              		.file	"deca_sleep.c"
  14              		.text
  15              	.Ltext0:
  16              		.cfi_sections	.debug_frame
  17              		.section	.text.deca_sleep,"ax",%progbits
  18              		.align	1
  19              		.global	deca_sleep
  20              		.arch armv7e-m
  21              		.syntax unified
  22              		.thumb
  23              		.thumb_func
  24              		.fpu fpv4-sp-d16
  26              	deca_sleep:
  27              	.LFB133:
  28              		.file 1 "Middlewares/Decawave/platform/deca_sleep.c"
   1:Middlewares/Decawave/platform/deca_sleep.c **** /*! ----------------------------------------------------------------------------
   2:Middlewares/Decawave/platform/deca_sleep.c ****  * @file    deca_sleep.c
   3:Middlewares/Decawave/platform/deca_sleep.c ****  * @brief   platform dependent sleep implementation
   4:Middlewares/Decawave/platform/deca_sleep.c ****  *
   5:Middlewares/Decawave/platform/deca_sleep.c ****  * @attention
   6:Middlewares/Decawave/platform/deca_sleep.c ****  *
   7:Middlewares/Decawave/platform/deca_sleep.c ****  * Copyright 2015 (c) DecaWave Ltd, Dublin, Ireland.
   8:Middlewares/Decawave/platform/deca_sleep.c ****  *
   9:Middlewares/Decawave/platform/deca_sleep.c ****  * All rights reserved.
  10:Middlewares/Decawave/platform/deca_sleep.c ****  *
  11:Middlewares/Decawave/platform/deca_sleep.c ****  * @author DecaWave
  12:Middlewares/Decawave/platform/deca_sleep.c ****  */
  13:Middlewares/Decawave/platform/deca_sleep.c **** 
  14:Middlewares/Decawave/platform/deca_sleep.c **** #include "deca_device_api.h"
  15:Middlewares/Decawave/platform/deca_sleep.c **** #include "sleep.h"
  16:Middlewares/Decawave/platform/deca_sleep.c **** #include "port.h"
  17:Middlewares/Decawave/platform/deca_sleep.c **** 
  18:Middlewares/Decawave/platform/deca_sleep.c **** /* Wrapper function to be used by decadriver. Declared in deca_device_api.h */
  19:Middlewares/Decawave/platform/deca_sleep.c **** __INLINE void deca_sleep(unsigned int time_ms)
  20:Middlewares/Decawave/platform/deca_sleep.c **** {
  29              		.loc 1 20 1
  30              		.cfi_startproc
  31              		@ args = 0, pretend = 0, frame = 8
  32              		@ frame_needed = 1, uses_anonymous_args = 0
  33 0000 80B5     		push	{r7, lr}
  34              	.LCFI0:
  35              		.cfi_def_cfa_offset 8
  36              		.cfi_offset 7, -8
  37              		.cfi_offset 14, -4
  38 0002 82B0     		sub	sp, sp, #8
ARM GAS  /tmp/cci0LQHo.s 			page 2


  39              	.LCFI1:
  40              		.cfi_def_cfa_offset 16
  41 0004 00AF     		add	r7, sp, #0
  42              	.LCFI2:
  43              		.cfi_def_cfa_register 7
  44 0006 7860     		str	r0, [r7, #4]
  21:Middlewares/Decawave/platform/deca_sleep.c **** 	Sleep(time_ms);
  45              		.loc 1 21 2
  46 0008 7868     		ldr	r0, [r7, #4]
  47 000a FFF7FEFF 		bl	Sleep
  22:Middlewares/Decawave/platform/deca_sleep.c **** }
  48              		.loc 1 22 1
  49 000e 00BF     		nop
  50 0010 0837     		adds	r7, r7, #8
  51              	.LCFI3:
  52              		.cfi_def_cfa_offset 8
  53 0012 BD46     		mov	sp, r7
  54              	.LCFI4:
  55              		.cfi_def_cfa_register 13
  56              		@ sp needed
  57 0014 80BD     		pop	{r7, pc}
  58              		.cfi_endproc
  59              	.LFE133:
  61              		.text
  62              	.Letext0:
  63              		.file 2 "/home/ilian/opt/gcc-arm-none-eabi-9-2020-q2-update/arm-none-eabi/include/machine/_default
  64              		.file 3 "/home/ilian/opt/gcc-arm-none-eabi-9-2020-q2-update/arm-none-eabi/include/sys/_stdint.h"
  65              		.file 4 "/home/ilian/opt/gcc-arm-none-eabi-9-2020-q2-update/lib/gcc/arm-none-eabi/9.3.1/include/st
  66              		.file 5 "/home/ilian/opt/gcc-arm-none-eabi-9-2020-q2-update/arm-none-eabi/include/sys/_types.h"
  67              		.file 6 "/home/ilian/opt/gcc-arm-none-eabi-9-2020-q2-update/arm-none-eabi/include/sys/reent.h"
  68              		.file 7 "/home/ilian/opt/gcc-arm-none-eabi-9-2020-q2-update/arm-none-eabi/include/sys/lock.h"
  69              		.file 8 "/home/ilian/opt/gcc-arm-none-eabi-9-2020-q2-update/arm-none-eabi/include/stdlib.h"
  70              		.file 9 "/home/ilian/opt/gcc-arm-none-eabi-9-2020-q2-update/arm-none-eabi/include/math.h"
  71              		.file 10 "Drivers/CMSIS/Include/core_cm4.h"
  72              		.file 11 "Drivers/CMSIS/Device/ST/STM32L4xx/Include/system_stm32l4xx.h"
  73              		.file 12 "Drivers/STM32L4xx_HAL_Driver/Inc/stm32l4xx_hal_def.h"
  74              		.file 13 "Drivers/STM32L4xx_HAL_Driver/Inc/stm32l4xx_hal_flash.h"
  75              		.file 14 "Drivers/STM32L4xx_HAL_Driver/Inc/stm32l4xx_hal.h"
  76              		.file 15 "Middlewares/Decawave/platform/port.h"
ARM GAS  /tmp/cci0LQHo.s 			page 3


DEFINED SYMBOLS
                            *ABS*:0000000000000000 deca_sleep.c
     /tmp/cci0LQHo.s:18     .text.deca_sleep:0000000000000000 $t
     /tmp/cci0LQHo.s:26     .text.deca_sleep:0000000000000000 deca_sleep

UNDEFINED SYMBOLS
Sleep
