ARM GAS  /tmp/ccvf7B0C.s 			page 1


   1              		.cpu cortex-m4
   2              		.eabi_attribute 27, 1
   3              		.eabi_attribute 28, 1
   4              		.eabi_attribute 20, 1
   5              		.eabi_attribute 21, 1
   6              		.eabi_attribute 23, 3
   7              		.eabi_attribute 24, 1
   8              		.eabi_attribute 25, 1
   9              		.eabi_attribute 26, 1
  10              		.eabi_attribute 30, 6
  11              		.eabi_attribute 34, 1
  12              		.eabi_attribute 18, 4
  13              		.file	"stm32l4xx_hal_flash_ramfunc.c"
  14              		.text
  15              	.Ltext0:
  16              		.cfi_sections	.debug_frame
  17              		.section	.RamFunc,"ax",%progbits
  18              		.align	1
  19              		.global	HAL_FLASHEx_EnableRunPowerDown
  20              		.arch armv7e-m
  21              		.syntax unified
  22              		.thumb
  23              		.thumb_func
  24              		.fpu fpv4-sp-d16
  26              	HAL_FLASHEx_EnableRunPowerDown:
  27              	.LFB130:
  28              		.file 1 "Drivers/STM32L4xx_HAL_Driver/Src/stm32l4xx_hal_flash_ramfunc.c"
   1:Drivers/STM32L4xx_HAL_Driver/Src/stm32l4xx_hal_flash_ramfunc.c **** /**
   2:Drivers/STM32L4xx_HAL_Driver/Src/stm32l4xx_hal_flash_ramfunc.c ****   ******************************************************************************
   3:Drivers/STM32L4xx_HAL_Driver/Src/stm32l4xx_hal_flash_ramfunc.c ****   * @file    stm32l4xx_hal_flash_ramfunc.c
   4:Drivers/STM32L4xx_HAL_Driver/Src/stm32l4xx_hal_flash_ramfunc.c ****   * @author  MCD Application Team
   5:Drivers/STM32L4xx_HAL_Driver/Src/stm32l4xx_hal_flash_ramfunc.c ****   * @brief   FLASH RAMFUNC driver.
   6:Drivers/STM32L4xx_HAL_Driver/Src/stm32l4xx_hal_flash_ramfunc.c ****   *          This file provides a Flash firmware functions which should be
   7:Drivers/STM32L4xx_HAL_Driver/Src/stm32l4xx_hal_flash_ramfunc.c ****   *          executed from internal SRAM
   8:Drivers/STM32L4xx_HAL_Driver/Src/stm32l4xx_hal_flash_ramfunc.c ****   *            + FLASH HalfPage Programming
   9:Drivers/STM32L4xx_HAL_Driver/Src/stm32l4xx_hal_flash_ramfunc.c ****   *            + FLASH Power Down in Run mode
  10:Drivers/STM32L4xx_HAL_Driver/Src/stm32l4xx_hal_flash_ramfunc.c ****   *
  11:Drivers/STM32L4xx_HAL_Driver/Src/stm32l4xx_hal_flash_ramfunc.c ****   *  @verbatim
  12:Drivers/STM32L4xx_HAL_Driver/Src/stm32l4xx_hal_flash_ramfunc.c ****   ==============================================================================
  13:Drivers/STM32L4xx_HAL_Driver/Src/stm32l4xx_hal_flash_ramfunc.c ****                    ##### Flash RAM functions #####
  14:Drivers/STM32L4xx_HAL_Driver/Src/stm32l4xx_hal_flash_ramfunc.c ****   ==============================================================================
  15:Drivers/STM32L4xx_HAL_Driver/Src/stm32l4xx_hal_flash_ramfunc.c **** 
  16:Drivers/STM32L4xx_HAL_Driver/Src/stm32l4xx_hal_flash_ramfunc.c ****     *** ARM Compiler ***
  17:Drivers/STM32L4xx_HAL_Driver/Src/stm32l4xx_hal_flash_ramfunc.c ****     --------------------
  18:Drivers/STM32L4xx_HAL_Driver/Src/stm32l4xx_hal_flash_ramfunc.c ****     [..] RAM functions are defined using the toolchain options.
  19:Drivers/STM32L4xx_HAL_Driver/Src/stm32l4xx_hal_flash_ramfunc.c ****          Functions that are executed in RAM should reside in a separate
  20:Drivers/STM32L4xx_HAL_Driver/Src/stm32l4xx_hal_flash_ramfunc.c ****          source module. Using the 'Options for File' dialog you can simply change
  21:Drivers/STM32L4xx_HAL_Driver/Src/stm32l4xx_hal_flash_ramfunc.c ****          the 'Code / Const' area of a module to a memory space in physical RAM.
  22:Drivers/STM32L4xx_HAL_Driver/Src/stm32l4xx_hal_flash_ramfunc.c ****          Available memory areas are declared in the 'Target' tab of the
  23:Drivers/STM32L4xx_HAL_Driver/Src/stm32l4xx_hal_flash_ramfunc.c ****          Options for Target' dialog.
  24:Drivers/STM32L4xx_HAL_Driver/Src/stm32l4xx_hal_flash_ramfunc.c **** 
  25:Drivers/STM32L4xx_HAL_Driver/Src/stm32l4xx_hal_flash_ramfunc.c ****     *** ICCARM Compiler ***
  26:Drivers/STM32L4xx_HAL_Driver/Src/stm32l4xx_hal_flash_ramfunc.c ****     -----------------------
  27:Drivers/STM32L4xx_HAL_Driver/Src/stm32l4xx_hal_flash_ramfunc.c ****     [..] RAM functions are defined using a specific toolchain keyword "__ramfunc".
  28:Drivers/STM32L4xx_HAL_Driver/Src/stm32l4xx_hal_flash_ramfunc.c **** 
  29:Drivers/STM32L4xx_HAL_Driver/Src/stm32l4xx_hal_flash_ramfunc.c ****     *** GNU Compiler ***
  30:Drivers/STM32L4xx_HAL_Driver/Src/stm32l4xx_hal_flash_ramfunc.c ****     --------------------
ARM GAS  /tmp/ccvf7B0C.s 			page 2


  31:Drivers/STM32L4xx_HAL_Driver/Src/stm32l4xx_hal_flash_ramfunc.c ****     [..] RAM functions are defined using a specific toolchain attribute
  32:Drivers/STM32L4xx_HAL_Driver/Src/stm32l4xx_hal_flash_ramfunc.c ****          "__attribute__((section(".RamFunc")))".
  33:Drivers/STM32L4xx_HAL_Driver/Src/stm32l4xx_hal_flash_ramfunc.c **** 
  34:Drivers/STM32L4xx_HAL_Driver/Src/stm32l4xx_hal_flash_ramfunc.c ****   @endverbatim
  35:Drivers/STM32L4xx_HAL_Driver/Src/stm32l4xx_hal_flash_ramfunc.c ****   ******************************************************************************
  36:Drivers/STM32L4xx_HAL_Driver/Src/stm32l4xx_hal_flash_ramfunc.c ****   * @attention
  37:Drivers/STM32L4xx_HAL_Driver/Src/stm32l4xx_hal_flash_ramfunc.c ****   *
  38:Drivers/STM32L4xx_HAL_Driver/Src/stm32l4xx_hal_flash_ramfunc.c ****   * <h2><center>&copy; Copyright (c) 2017 STMicroelectronics.
  39:Drivers/STM32L4xx_HAL_Driver/Src/stm32l4xx_hal_flash_ramfunc.c ****   * All rights reserved.</center></h2>
  40:Drivers/STM32L4xx_HAL_Driver/Src/stm32l4xx_hal_flash_ramfunc.c ****   *
  41:Drivers/STM32L4xx_HAL_Driver/Src/stm32l4xx_hal_flash_ramfunc.c ****   * This software component is licensed by ST under BSD 3-Clause license,
  42:Drivers/STM32L4xx_HAL_Driver/Src/stm32l4xx_hal_flash_ramfunc.c ****   * the "License"; You may not use this file except in compliance with the
  43:Drivers/STM32L4xx_HAL_Driver/Src/stm32l4xx_hal_flash_ramfunc.c ****   * License. You may obtain a copy of the License at:
  44:Drivers/STM32L4xx_HAL_Driver/Src/stm32l4xx_hal_flash_ramfunc.c ****   *                       opensource.org/licenses/BSD-3-Clause
  45:Drivers/STM32L4xx_HAL_Driver/Src/stm32l4xx_hal_flash_ramfunc.c ****   *
  46:Drivers/STM32L4xx_HAL_Driver/Src/stm32l4xx_hal_flash_ramfunc.c ****   ******************************************************************************
  47:Drivers/STM32L4xx_HAL_Driver/Src/stm32l4xx_hal_flash_ramfunc.c ****   */
  48:Drivers/STM32L4xx_HAL_Driver/Src/stm32l4xx_hal_flash_ramfunc.c **** 
  49:Drivers/STM32L4xx_HAL_Driver/Src/stm32l4xx_hal_flash_ramfunc.c **** /* Includes ------------------------------------------------------------------*/
  50:Drivers/STM32L4xx_HAL_Driver/Src/stm32l4xx_hal_flash_ramfunc.c **** #include "stm32l4xx_hal.h"
  51:Drivers/STM32L4xx_HAL_Driver/Src/stm32l4xx_hal_flash_ramfunc.c **** 
  52:Drivers/STM32L4xx_HAL_Driver/Src/stm32l4xx_hal_flash_ramfunc.c **** /** @addtogroup STM32L4xx_HAL_Driver
  53:Drivers/STM32L4xx_HAL_Driver/Src/stm32l4xx_hal_flash_ramfunc.c ****   * @{
  54:Drivers/STM32L4xx_HAL_Driver/Src/stm32l4xx_hal_flash_ramfunc.c ****   */
  55:Drivers/STM32L4xx_HAL_Driver/Src/stm32l4xx_hal_flash_ramfunc.c **** 
  56:Drivers/STM32L4xx_HAL_Driver/Src/stm32l4xx_hal_flash_ramfunc.c **** /** @defgroup FLASH_RAMFUNC FLASH_RAMFUNC
  57:Drivers/STM32L4xx_HAL_Driver/Src/stm32l4xx_hal_flash_ramfunc.c ****   * @brief FLASH functions executed from RAM
  58:Drivers/STM32L4xx_HAL_Driver/Src/stm32l4xx_hal_flash_ramfunc.c ****   * @{
  59:Drivers/STM32L4xx_HAL_Driver/Src/stm32l4xx_hal_flash_ramfunc.c ****   */
  60:Drivers/STM32L4xx_HAL_Driver/Src/stm32l4xx_hal_flash_ramfunc.c **** 
  61:Drivers/STM32L4xx_HAL_Driver/Src/stm32l4xx_hal_flash_ramfunc.c **** #ifdef HAL_FLASH_MODULE_ENABLED
  62:Drivers/STM32L4xx_HAL_Driver/Src/stm32l4xx_hal_flash_ramfunc.c **** 
  63:Drivers/STM32L4xx_HAL_Driver/Src/stm32l4xx_hal_flash_ramfunc.c **** /* Private typedef -----------------------------------------------------------*/
  64:Drivers/STM32L4xx_HAL_Driver/Src/stm32l4xx_hal_flash_ramfunc.c **** /* Private define ------------------------------------------------------------*/
  65:Drivers/STM32L4xx_HAL_Driver/Src/stm32l4xx_hal_flash_ramfunc.c **** /* Private macro -------------------------------------------------------------*/
  66:Drivers/STM32L4xx_HAL_Driver/Src/stm32l4xx_hal_flash_ramfunc.c **** /* Private variables ---------------------------------------------------------*/
  67:Drivers/STM32L4xx_HAL_Driver/Src/stm32l4xx_hal_flash_ramfunc.c **** extern FLASH_ProcessTypeDef pFlash;
  68:Drivers/STM32L4xx_HAL_Driver/Src/stm32l4xx_hal_flash_ramfunc.c **** 
  69:Drivers/STM32L4xx_HAL_Driver/Src/stm32l4xx_hal_flash_ramfunc.c **** /* Private function prototypes -----------------------------------------------*/
  70:Drivers/STM32L4xx_HAL_Driver/Src/stm32l4xx_hal_flash_ramfunc.c **** /* Exported functions -------------------------------------------------------*/
  71:Drivers/STM32L4xx_HAL_Driver/Src/stm32l4xx_hal_flash_ramfunc.c **** 
  72:Drivers/STM32L4xx_HAL_Driver/Src/stm32l4xx_hal_flash_ramfunc.c **** /** @defgroup FLASH_RAMFUNC_Exported_Functions FLASH in RAM function Exported Functions
  73:Drivers/STM32L4xx_HAL_Driver/Src/stm32l4xx_hal_flash_ramfunc.c ****   * @{
  74:Drivers/STM32L4xx_HAL_Driver/Src/stm32l4xx_hal_flash_ramfunc.c ****   */
  75:Drivers/STM32L4xx_HAL_Driver/Src/stm32l4xx_hal_flash_ramfunc.c **** 
  76:Drivers/STM32L4xx_HAL_Driver/Src/stm32l4xx_hal_flash_ramfunc.c **** /** @defgroup FLASH_RAMFUNC_Exported_Functions_Group1 Peripheral features functions
  77:Drivers/STM32L4xx_HAL_Driver/Src/stm32l4xx_hal_flash_ramfunc.c ****  *  @brief   Data transfers functions
  78:Drivers/STM32L4xx_HAL_Driver/Src/stm32l4xx_hal_flash_ramfunc.c ****  *
  79:Drivers/STM32L4xx_HAL_Driver/Src/stm32l4xx_hal_flash_ramfunc.c **** @verbatim
  80:Drivers/STM32L4xx_HAL_Driver/Src/stm32l4xx_hal_flash_ramfunc.c ****  ===============================================================================
  81:Drivers/STM32L4xx_HAL_Driver/Src/stm32l4xx_hal_flash_ramfunc.c ****                       ##### ramfunc functions #####
  82:Drivers/STM32L4xx_HAL_Driver/Src/stm32l4xx_hal_flash_ramfunc.c ****  ===============================================================================
  83:Drivers/STM32L4xx_HAL_Driver/Src/stm32l4xx_hal_flash_ramfunc.c ****     [..]
  84:Drivers/STM32L4xx_HAL_Driver/Src/stm32l4xx_hal_flash_ramfunc.c ****     This subsection provides a set of functions that should be executed from RAM.
  85:Drivers/STM32L4xx_HAL_Driver/Src/stm32l4xx_hal_flash_ramfunc.c **** 
  86:Drivers/STM32L4xx_HAL_Driver/Src/stm32l4xx_hal_flash_ramfunc.c **** @endverbatim
  87:Drivers/STM32L4xx_HAL_Driver/Src/stm32l4xx_hal_flash_ramfunc.c ****   * @{
ARM GAS  /tmp/ccvf7B0C.s 			page 3


  88:Drivers/STM32L4xx_HAL_Driver/Src/stm32l4xx_hal_flash_ramfunc.c ****   */
  89:Drivers/STM32L4xx_HAL_Driver/Src/stm32l4xx_hal_flash_ramfunc.c **** 
  90:Drivers/STM32L4xx_HAL_Driver/Src/stm32l4xx_hal_flash_ramfunc.c **** /**
  91:Drivers/STM32L4xx_HAL_Driver/Src/stm32l4xx_hal_flash_ramfunc.c ****   * @brief   Enable the Power down in Run Mode
  92:Drivers/STM32L4xx_HAL_Driver/Src/stm32l4xx_hal_flash_ramfunc.c ****   * @note    This function should be called and executed from SRAM memory
  93:Drivers/STM32L4xx_HAL_Driver/Src/stm32l4xx_hal_flash_ramfunc.c ****   * @retval  HAL status
  94:Drivers/STM32L4xx_HAL_Driver/Src/stm32l4xx_hal_flash_ramfunc.c ****   */
  95:Drivers/STM32L4xx_HAL_Driver/Src/stm32l4xx_hal_flash_ramfunc.c **** __RAM_FUNC HAL_StatusTypeDef HAL_FLASHEx_EnableRunPowerDown(void)
  96:Drivers/STM32L4xx_HAL_Driver/Src/stm32l4xx_hal_flash_ramfunc.c **** {
  29              		.loc 1 96 1
  30              		.cfi_startproc
  31              		@ args = 0, pretend = 0, frame = 0
  32              		@ frame_needed = 1, uses_anonymous_args = 0
  33              		@ link register save eliminated.
  34 0000 80B4     		push	{r7}
  35              	.LCFI0:
  36              		.cfi_def_cfa_offset 4
  37              		.cfi_offset 7, -4
  38 0002 00AF     		add	r7, sp, #0
  39              	.LCFI1:
  40              		.cfi_def_cfa_register 7
  97:Drivers/STM32L4xx_HAL_Driver/Src/stm32l4xx_hal_flash_ramfunc.c ****   /* Enable the Power Down in Run mode*/
  98:Drivers/STM32L4xx_HAL_Driver/Src/stm32l4xx_hal_flash_ramfunc.c ****   __HAL_FLASH_POWER_DOWN_ENABLE();
  41              		.loc 1 98 3
  42 0004 084B     		ldr	r3, .L3
  43 0006 094A     		ldr	r2, .L3+4
  44 0008 5A60     		str	r2, [r3, #4]
  45 000a 074B     		ldr	r3, .L3
  46 000c 084A     		ldr	r2, .L3+8
  47 000e 5A60     		str	r2, [r3, #4]
  48 0010 054B     		ldr	r3, .L3
  49 0012 1B68     		ldr	r3, [r3]
  50 0014 044A     		ldr	r2, .L3
  51 0016 43F40053 		orr	r3, r3, #8192
  52 001a 1360     		str	r3, [r2]
  99:Drivers/STM32L4xx_HAL_Driver/Src/stm32l4xx_hal_flash_ramfunc.c **** 
 100:Drivers/STM32L4xx_HAL_Driver/Src/stm32l4xx_hal_flash_ramfunc.c ****   return HAL_OK;
  53              		.loc 1 100 10
  54 001c 0023     		movs	r3, #0
 101:Drivers/STM32L4xx_HAL_Driver/Src/stm32l4xx_hal_flash_ramfunc.c **** 
 102:Drivers/STM32L4xx_HAL_Driver/Src/stm32l4xx_hal_flash_ramfunc.c **** }
  55              		.loc 1 102 1
  56 001e 1846     		mov	r0, r3
  57 0020 BD46     		mov	sp, r7
  58              	.LCFI2:
  59              		.cfi_def_cfa_register 13
  60              		@ sp needed
  61 0022 5DF8047B 		ldr	r7, [sp], #4
  62              	.LCFI3:
  63              		.cfi_restore 7
  64              		.cfi_def_cfa_offset 0
  65 0026 7047     		bx	lr
  66              	.L4:
  67              		.align	2
  68              	.L3:
  69 0028 00200240 		.word	1073881088
  70 002c 37261504 		.word	68494903
ARM GAS  /tmp/ccvf7B0C.s 			page 4


  71 0030 FDFCFBFA 		.word	-84148995
  72              		.cfi_endproc
  73              	.LFE130:
  75              		.align	1
  76              		.global	HAL_FLASHEx_DisableRunPowerDown
  77              		.syntax unified
  78              		.thumb
  79              		.thumb_func
  80              		.fpu fpv4-sp-d16
  82              	HAL_FLASHEx_DisableRunPowerDown:
  83              	.LFB131:
 103:Drivers/STM32L4xx_HAL_Driver/Src/stm32l4xx_hal_flash_ramfunc.c **** 
 104:Drivers/STM32L4xx_HAL_Driver/Src/stm32l4xx_hal_flash_ramfunc.c **** /**
 105:Drivers/STM32L4xx_HAL_Driver/Src/stm32l4xx_hal_flash_ramfunc.c ****   * @brief   Disable the Power down in Run Mode
 106:Drivers/STM32L4xx_HAL_Driver/Src/stm32l4xx_hal_flash_ramfunc.c ****   * @note    This function should be called and executed from SRAM memory
 107:Drivers/STM32L4xx_HAL_Driver/Src/stm32l4xx_hal_flash_ramfunc.c ****   * @retval  HAL status
 108:Drivers/STM32L4xx_HAL_Driver/Src/stm32l4xx_hal_flash_ramfunc.c ****   */
 109:Drivers/STM32L4xx_HAL_Driver/Src/stm32l4xx_hal_flash_ramfunc.c **** __RAM_FUNC HAL_StatusTypeDef HAL_FLASHEx_DisableRunPowerDown(void)
 110:Drivers/STM32L4xx_HAL_Driver/Src/stm32l4xx_hal_flash_ramfunc.c **** {
  84              		.loc 1 110 1
  85              		.cfi_startproc
  86              		@ args = 0, pretend = 0, frame = 0
  87              		@ frame_needed = 1, uses_anonymous_args = 0
  88              		@ link register save eliminated.
  89 0034 80B4     		push	{r7}
  90              	.LCFI4:
  91              		.cfi_def_cfa_offset 4
  92              		.cfi_offset 7, -4
  93 0036 00AF     		add	r7, sp, #0
  94              	.LCFI5:
  95              		.cfi_def_cfa_register 7
 111:Drivers/STM32L4xx_HAL_Driver/Src/stm32l4xx_hal_flash_ramfunc.c ****   /* Disable the Power Down in Run mode*/
 112:Drivers/STM32L4xx_HAL_Driver/Src/stm32l4xx_hal_flash_ramfunc.c ****   __HAL_FLASH_POWER_DOWN_DISABLE();
  96              		.loc 1 112 3
  97 0038 084B     		ldr	r3, .L7
  98 003a 094A     		ldr	r2, .L7+4
  99 003c 5A60     		str	r2, [r3, #4]
 100 003e 074B     		ldr	r3, .L7
 101 0040 084A     		ldr	r2, .L7+8
 102 0042 5A60     		str	r2, [r3, #4]
 103 0044 054B     		ldr	r3, .L7
 104 0046 1B68     		ldr	r3, [r3]
 105 0048 044A     		ldr	r2, .L7
 106 004a 23F40053 		bic	r3, r3, #8192
 107 004e 1360     		str	r3, [r2]
 113:Drivers/STM32L4xx_HAL_Driver/Src/stm32l4xx_hal_flash_ramfunc.c **** 
 114:Drivers/STM32L4xx_HAL_Driver/Src/stm32l4xx_hal_flash_ramfunc.c ****   return HAL_OK;
 108              		.loc 1 114 10
 109 0050 0023     		movs	r3, #0
 115:Drivers/STM32L4xx_HAL_Driver/Src/stm32l4xx_hal_flash_ramfunc.c **** }
 110              		.loc 1 115 1
 111 0052 1846     		mov	r0, r3
 112 0054 BD46     		mov	sp, r7
 113              	.LCFI6:
 114              		.cfi_def_cfa_register 13
 115              		@ sp needed
 116 0056 5DF8047B 		ldr	r7, [sp], #4
ARM GAS  /tmp/ccvf7B0C.s 			page 5


 117              	.LCFI7:
 118              		.cfi_restore 7
 119              		.cfi_def_cfa_offset 0
 120 005a 7047     		bx	lr
 121              	.L8:
 122              		.align	2
 123              	.L7:
 124 005c 00200240 		.word	1073881088
 125 0060 37261504 		.word	68494903
 126 0064 FDFCFBFA 		.word	-84148995
 127              		.cfi_endproc
 128              	.LFE131:
 130              		.text
 131              	.Letext0:
 132              		.file 2 "/home/ilian/opt/gcc-arm-none-eabi-9-2020-q2-update/arm-none-eabi/include/machine/_default
 133              		.file 3 "/home/ilian/opt/gcc-arm-none-eabi-9-2020-q2-update/arm-none-eabi/include/sys/_stdint.h"
 134              		.file 4 "Drivers/CMSIS/Include/core_cm4.h"
 135              		.file 5 "Drivers/CMSIS/Device/ST/STM32L4xx/Include/system_stm32l4xx.h"
 136              		.file 6 "Drivers/CMSIS/Device/ST/STM32L4xx/Include/stm32l433xx.h"
 137              		.file 7 "Drivers/STM32L4xx_HAL_Driver/Inc/stm32l4xx_hal_def.h"
 138              		.file 8 "Drivers/STM32L4xx_HAL_Driver/Inc/stm32l4xx_hal_flash.h"
 139              		.file 9 "Drivers/STM32L4xx_HAL_Driver/Inc/stm32l4xx_hal.h"
ARM GAS  /tmp/ccvf7B0C.s 			page 6


DEFINED SYMBOLS
                            *ABS*:0000000000000000 stm32l4xx_hal_flash_ramfunc.c
     /tmp/ccvf7B0C.s:18     .RamFunc:0000000000000000 $t
     /tmp/ccvf7B0C.s:26     .RamFunc:0000000000000000 HAL_FLASHEx_EnableRunPowerDown
     /tmp/ccvf7B0C.s:69     .RamFunc:0000000000000028 $d
     /tmp/ccvf7B0C.s:75     .RamFunc:0000000000000034 $t
     /tmp/ccvf7B0C.s:82     .RamFunc:0000000000000034 HAL_FLASHEx_DisableRunPowerDown
     /tmp/ccvf7B0C.s:124    .RamFunc:000000000000005c $d

NO UNDEFINED SYMBOLS
